<?xml version="1.0" encoding="UTF-8"?>
<!-- Generated by org.testng.reporters.JUnitXMLReporter -->
<testsuite ignored="0" hostname="DESKTOP-NQ0V977" failures="0" tests="3" name="Default test" time="41.512" errors="0" timestamp="24 Feb 2021 07:46:53 GMT">
  <testcase classname="infoCommands.AmazonParallel" name="flipkart" time="13.663"/>
  <testcase classname="infoCommands.AmazonParallel" name="flipkart" time="12.893"/>
  <testcase classname="infoCommands.AmazonParallel" name="flipkart" time="14.895"/>
</testsuite> <!-- Default test -->
